<?xml version="1.0" encoding="UTF-8"?>
<testsuite name="CorrecterTest" tests="1" skipped="0" failures="0" errors="0" timestamp="2020-10-27T14:24:29" hostname="DESKTOP-R71U7SI" time="0.105">
  <properties/>
  <testcase name="start" classname="CorrecterTest" time="0.105"/>
  <system-out><![CDATA[?[1;31m
Start test 1?[0m
> Some text to test
Some text to test
SSSooommmeee   ttteeexxxttt   tttooo   ttteeesssttt
4SS6oo0mm6ee6  2tt5ee2xx0tt2  4tt2oo2  8tt3ee0ss0tt
Some text to test
?[1;31m
Start test 2?[0m
> send message to user with id #42354
send message to user with id #42354
ssseeennnddd   mmmeeessssssaaagggeee   tttooo   uuussseeerrr   wwwiiittthhh   iiiddd   ###444222333555444
0ss0ee1nn0dd3  6mm6ee7ss6ss0aa3gg6ee3  8tt6oo3  7uu6ss7ee5rr3  3ww4ii3tt6hh4  5ii3dd8  1##644622233155744
send message to user with id #42354
?[1;31m
Start test 3?[0m
> thq
thq
ttthhhqqq
6tt4hh8qq
thq
]]></system-out>
  <system-err><![CDATA[]]></system-err>
</testsuite>
